Arguments: 
  /usr/local/bin/node /usr/local/bin/yarn add async-express-handler

PATH: 
  /usr/local/bin:/System/Cryptexes/App/usr/bin:/usr/bin:/bin:/usr/sbin:/sbin:/usr/local/go/bin:/usr/local/share/dotnet:~/.dotnet/tools:/Library/Apple/usr/bin:/Library/Frameworks/Mono.framework/Versions/Current/Commands:/Users/hades:/Users/hades/Dev_Tools/flutter/bin:/Users/hades/Dev_Tools/mongosh/bin:/Applications/XAMPP/xamppfiles/bin:/Users/hades/.pub-cache/bin:/Users/hades/Library/Android/sdk/platform-tools:/Users/hades:/Users/hades/Dev_Tools/flutter/bin:/Users/hades:/Users/hades/Dev_Tools/mongosh/bin:/Applications/XAMPP/xamppfiles/bin:/Users/hades/.pub-cache/bin:/Users/hades/Library/Android/sdk/platform-tools

Yarn version: 
  1.22.19

Node version: 
  18.9.0

Platform: 
  darwin arm64

Trace: 
  Error: https://registry.yarnpkg.com/async-express-handler: Not found
      at params.callback [as _callback] (/usr/local/lib/node_modules/yarn/lib/cli.js:66145:18)
      at self.callback (/usr/local/lib/node_modules/yarn/lib/cli.js:140890:22)
      at Request.emit (node:events:513:28)
      at Request.<anonymous> (/usr/local/lib/node_modules/yarn/lib/cli.js:141862:10)
      at Request.emit (node:events:513:28)
      at IncomingMessage.<anonymous> (/usr/local/lib/node_modules/yarn/lib/cli.js:141784:12)
      at Object.onceWrapper (node:events:627:28)
      at IncomingMessage.emit (node:events:525:35)
      at endReadableNT (node:internal/streams/readable:1359:12)
      at process.processTicksAndRejections (node:internal/process/task_queues:82:21)

npm manifest: 
  {
    "name": "ecommerce",
    "version": "1.0.0",
    "description": "An Ecommerce Website Built From Scratch Using ReactJS",
    "main": "index.js",
    "scripts": {
      "test": "echo \"Error: no test specified\" && exit 1",
      "start": "node index.js",
      "server": "nodemon index.js"
    },
    "author": "Rolando. H. Ferrer Jr. , Fiona Francine A. Bello",
    "license": "ISC",
    "dependencies": {
      "bcrypt": "^5.1.0",
      "body-parser": "^1.20.2",
      "dotenv": "^16.0.3",
      "express": "^4.18.2",
      "express-async-handler": "^1.2.0",
      "mongoose": "^7.0.1"
    }
  }

yarn manifest: 
  No manifest

Lockfile: 
  No lockfile
